<?xml version="1.0" ?>
<coverage version="7.3.2" timestamp="1702139192299" lines-valid="15" lines-covered="14" line-rate="0.9333" branches-covered="0" branches-valid="0" branch-rate="0" complexity="0">
	<!-- Generated by coverage.py: https://coverage.readthedocs.io/en/7.3.2 -->
	<!-- Based on https://raw.githubusercontent.com/cobertura/web/master/htdocs/xml/coverage-04.dtd -->
	<sources>
		<source>/Users/vinod827/PycharmProjects/python-anybadge-custom/scripts</source>
	</sources>
	<packages>
		<package name="." line-rate="0.9333" branch-rate="0" complexity="0">
			<classes>
				<class name="my_math.py" filename="my_math.py" complexity="0" line-rate="1" branch-rate="0">
					<methods/>
					<lines>
						<line number="3" hits="1"/>
						<line number="4" hits="1"/>
					</lines>
				</class>
				<class name="test_my_math.py" filename="test_my_math.py" complexity="0" line-rate="0.9231" branch-rate="0">
					<methods/>
					<lines>
						<line number="2" hits="1"/>
						<line number="3" hits="1"/>
						<line number="5" hits="1"/>
						<line number="8" hits="1"/>
						<line number="10" hits="1"/>
						<line number="12" hits="1"/>
						<line number="13" hits="1"/>
						<line number="16" hits="1"/>
						<line number="17" hits="1"/>
						<line number="20" hits="1"/>
						<line number="21" hits="1"/>
						<line number="24" hits="1"/>
						<line number="25" hits="0"/>
					</lines>
				</class>
			</classes>
		</package>
	</packages>
</coverage>
