{
  "meta": {
    "version": "7.3.2",
    "timestamp": "2023-12-09T21:24:03.446449",
    "branch_coverage": false,
    "show_contexts": false
  },
  "files": {
    "my_math.py": {
      "executed_lines": [
        3,
        4
      ],
      "summary": {
        "covered_lines": 2,
        "num_statements": 2,
        "percent_covered": 100.0,
        "percent_covered_display": "100",
        "missing_lines": 0,
        "excluded_lines": 0
      },
      "missing_lines": [],
      "excluded_lines": []
    },
    "test_my_math.py": {
      "executed_lines": [
        2,
        3,
        5,
        8,
        10,
        12,
        13,
        16,
        17,
        20,
        21,
        24
      ],
      "summary": {
        "covered_lines": 12,
        "num_statements": 13,
        "percent_covered": 92.3076923076923,
        "percent_covered_display": "92",
        "missing_lines": 1,
        "excluded_lines": 0
      },
      "missing_lines": [
        25
      ],
      "excluded_lines": []
    }
  },
  "totals": {
    "covered_lines": 14,
    "num_statements": 15,
    "percent_covered": 93.33333333333333,
    "percent_covered_display": "93",
    "missing_lines": 1,
    "excluded_lines": 0
  }
}